Using device: cpu
Starting with 10 Population:
[Arch(conv=1, acc=0.0000), Arch(conv=1, acc=0.0000), Arch(conv=1, acc=0.0000), Arch(conv=3, acc=0.0000), Arch(conv=2, acc=0.0000), Arch(conv=1, acc=0.0000), Arch(conv=3, acc=0.0000), Arch(conv=4, acc=0.0000), Arch(conv=3, acc=0.0000), Arch(conv=1, acc=0.0000)]


============================================================
Generation 1/5
============================================================
Evaluating architecture 1/10... Fitness: 0.3316, Accuracy: 0.3530
Evaluating architecture 2/10... Fitness: 0.3959, Accuracy: 0.4170
Evaluating architecture 3/10... Fitness: 0.5317, Accuracy: 0.5370
Evaluating architecture 4/10... Fitness: 0.6260, Accuracy: 0.6300
Evaluating architecture 5/10... Fitness: 0.5849, Accuracy: 0.5960
Evaluating architecture 6/10... Fitness: 0.5195, Accuracy: 0.5300
Evaluating architecture 7/10... Fitness: 0.6292, Accuracy: 0.6440
Evaluating architecture 8/10... Fitness: 0.6386, Accuracy: 0.6540
Evaluating architecture 9/10... Fitness: 0.5828, Accuracy: 0.5950
Evaluating architecture 10/10... Fitness: 0.5345, Accuracy: 0.5450

Sorting population in terms of fitness score (high -> low) ...
Best in generation: Arch(conv=4, acc=0.6540)

Best overall: Arch(conv=4, acc=0.6540)

Performing roulette-wheel (fitness-proportional) selection of total population: 10 ...
Performing Crossover & Mutation ...
Elitism: Keeping top 2 architectures in next generation.
Next Generation: [Arch(conv=4, acc=0.6540), Arch(conv=3, acc=0.6440), Arch(conv=1, acc=0.0000), Arch(conv=4, acc=0.0000), Arch(conv=1, acc=0.0000), Arch(conv=4, acc=0.0000), Arch(conv=3, acc=0.0000), Arch(conv=1, acc=0.0000), Arch(conv=3, acc=0.0000), Arch(conv=1, acc=0.0000)]

============================================================
Generation 2/5
============================================================
Evaluating architecture 1/10... Fitness: 0.6046, Accuracy: 0.6200
Evaluating architecture 2/10... Fitness: 0.6432, Accuracy: 0.6580
Evaluating architecture 3/10... Fitness: 0.4863, Accuracy: 0.4970
Evaluating architecture 4/10... Fitness: 0.5950, Accuracy: 0.6080
Evaluating architecture 5/10... Fitness: 0.5195, Accuracy: 0.5300
Evaluating architecture 6/10... Fitness: 0.6502, Accuracy: 0.6580
Evaluating architecture 7/10... Fitness: 0.6337, Accuracy: 0.6460
Evaluating architecture 8/10... Fitness: 0.4484, Accuracy: 0.4590
Evaluating architecture 9/10... Fitness: 0.6188, Accuracy: 0.6310
Evaluating architecture 10/10... Fitness: 0.5165, Accuracy: 0.5270

Sorting population in terms of fitness score (high -> low) ...
Best in generation: Arch(conv=4, acc=0.6580)

Best overall: Arch(conv=4, acc=0.6580)

Performing roulette-wheel (fitness-proportional) selection of total population: 10 ...
Performing Crossover & Mutation ...
Elitism: Keeping top 2 architectures in next generation.
Next Generation: [Arch(conv=4, acc=0.6580), Arch(conv=3, acc=0.6580), Arch(conv=1, acc=0.4590), Arch(conv=4, acc=0.0000), Arch(conv=1, acc=0.0000), Arch(conv=1, acc=0.0000), Arch(conv=4, acc=0.0000), Arch(conv=3, acc=0.0000), Arch(conv=1, acc=0.0000), Arch(conv=4, acc=0.0000)]

============================================================
Generation 3/5
============================================================
Evaluating architecture 1/10... Fitness: 0.6442, Accuracy: 0.6520
Evaluating architecture 2/10... Fitness: 0.6202, Accuracy: 0.6350
Evaluating architecture 3/10... Fitness: 0.4734, Accuracy: 0.4840
Evaluating architecture 4/10... Fitness: 0.6572, Accuracy: 0.6610
Evaluating architecture 5/10... Fitness: 0.5255, Accuracy: 0.5360
Evaluating architecture 6/10... Fitness: 0.5325, Accuracy: 0.5430
Evaluating architecture 7/10... Fitness: 0.6232, Accuracy: 0.6310
Evaluating architecture 8/10... Fitness: 0.6316, Accuracy: 0.6330
Evaluating architecture 9/10... Fitness: 0.5204, Accuracy: 0.5230
Evaluating architecture 10/10... Fitness: 0.6591, Accuracy: 0.6620

Sorting population in terms of fitness score (high -> low) ...
Best in generation: Arch(conv=4, acc=0.6620)

Best overall: Arch(conv=4, acc=0.6620)

Performing roulette-wheel (fitness-proportional) selection of total population: 10 ...
Performing Crossover & Mutation ...
Elitism: Keeping top 2 architectures in next generation.
Next Generation: [Arch(conv=4, acc=0.6620), Arch(conv=4, acc=0.6610), Arch(conv=4, acc=0.0000), Arch(conv=4, acc=0.0000), Arch(conv=4, acc=0.0000), Arch(conv=4, acc=0.0000), Arch(conv=4, acc=0.0000), Arch(conv=1, acc=0.0000), Arch(conv=3, acc=0.0000), Arch(conv=1, acc=0.0000)]

============================================================
Generation 4/5
============================================================
Evaluating architecture 1/10... Fitness: 0.6581, Accuracy: 0.6610
Evaluating architecture 2/10... Fitness: 0.6472, Accuracy: 0.6510
Evaluating architecture 3/10... Fitness: 0.6411, Accuracy: 0.6440
Evaluating architecture 4/10... Fitness: 0.6501, Accuracy: 0.6530
Evaluating architecture 5/10... Fitness: 0.6451, Accuracy: 0.6480
Evaluating architecture 6/10... Fitness: 0.6581, Accuracy: 0.6610
Evaluating architecture 7/10... Fitness: 0.6481, Accuracy: 0.6540
Evaluating architecture 8/10... Fitness: 0.4284, Accuracy: 0.4390
Evaluating architecture 9/10... Fitness: 0.6342, Accuracy: 0.6490
Evaluating architecture 10/10... Fitness: 0.3254, Accuracy: 0.3360

Sorting population in terms of fitness score (high -> low) ...
Best in generation: Arch(conv=4, acc=0.6610)

Best overall: Arch(conv=4, acc=0.6620)

Performing roulette-wheel (fitness-proportional) selection of total population: 10 ...
Performing Crossover & Mutation ...
Elitism: Keeping top 2 architectures in next generation.
Next Generation: [Arch(conv=4, acc=0.6610), Arch(conv=4, acc=0.6610), Arch(conv=2, acc=0.0000), Arch(conv=4, acc=0.0000), Arch(conv=4, acc=0.0000), Arch(conv=3, acc=0.0000), Arch(conv=4, acc=0.0000), Arch(conv=4, acc=0.0000), Arch(conv=4, acc=0.0000), Arch(conv=4, acc=0.0000)]

============================================================
Generation 5/5
============================================================
Evaluating architecture 1/10... Fitness: 0.6441, Accuracy: 0.6470
Evaluating architecture 2/10... Fitness: 0.6511, Accuracy: 0.6540
Evaluating architecture 3/10... Fitness: 0.5933, Accuracy: 0.6000
Evaluating architecture 4/10... Fitness: 0.6681, Accuracy: 0.6710
Evaluating architecture 5/10... Fitness: 0.6362, Accuracy: 0.6540
Evaluating architecture 6/10... Fitness: 0.6426, Accuracy: 0.6460
Evaluating architecture 7/10... Fitness: 0.6541, Accuracy: 0.6570
Evaluating architecture 8/10... Fitness: 0.6471, Accuracy: 0.6530
Evaluating architecture 9/10... Fitness: 0.6591, Accuracy: 0.6620
Evaluating architecture 10/10... Fitness: 0.6301, Accuracy: 0.6330

Sorting population in terms of fitness score (high -> low) ...
Best in generation: Arch(conv=4, acc=0.6710)

Best overall: Arch(conv=4, acc=0.6710)

Performing roulette-wheel (fitness-proportional) selection of total population: 10 ...
Performing Crossover & Mutation ...
Elitism: Keeping top 2 architectures in next generation.
Next Generation: [Arch(conv=4, acc=0.6710), Arch(conv=4, acc=0.6620), Arch(conv=4, acc=0.0000), Arch(conv=4, acc=0.0000), Arch(conv=4, acc=0.0000), Arch(conv=2, acc=0.0000), Arch(conv=3, acc=0.0000), Arch(conv=4, acc=0.0000), Arch(conv=4, acc=0.0000), Arch(conv=4, acc=0.0000)]

============================================================
FINAL BEST ARCHITECTURE
============================================================
Genes: {'num_conv': 4, 'conv_configs': [{'filters': 128, 'kernel_size': 3}, {'filters': 16, 'kernel_size': 5}, {'filters': 64, 'kernel_size': 7}, {'filters': 16, 'kernel_size': 5}], 'pool_type': 'avg', 'activation': 'leaky_relu', 'fc_units': 64}
Accuracy: 0.6710
Fitness: 0.6681

Total parameters: 197,354

Model architecture:
CNN(
  (features): Sequential(
    (0): Conv2d(3, 128, kernel_size=(3, 3), stride=(1, 1), padding=(1, 1))
    (1): BatchNorm2d(128, eps=1e-05, momentum=0.1, affine=True, track_running_stats=True)
    (2): LeakyReLU(negative_slope=0.1, inplace=True)
    (3): Conv2d(128, 16, kernel_size=(5, 5), stride=(1, 1), padding=(2, 2))
    (4): BatchNorm2d(16, eps=1e-05, momentum=0.1, affine=True, track_running_stats=True)
    (5): LeakyReLU(negative_slope=0.1, inplace=True)
    (6): AvgPool2d(kernel_size=2, stride=2, padding=0)
    (7): Conv2d(16, 64, kernel_size=(7, 7), stride=(1, 1), padding=(3, 3))
    (8): BatchNorm2d(64, eps=1e-05, momentum=0.1, affine=True, track_running_stats=True)
    (9): LeakyReLU(negative_slope=0.1, inplace=True)
    (10): Conv2d(64, 16, kernel_size=(5, 5), stride=(1, 1), padding=(2, 2))
    (11): BatchNorm2d(16, eps=1e-05, momentum=0.1, affine=True, track_running_stats=True)
    (12): LeakyReLU(negative_slope=0.1, inplace=True)
    (13): AvgPool2d(kernel_size=2, stride=2, padding=0)
  )
  (classifier): Sequential(
    (0): Flatten(start_dim=1, end_dim=-1)
    (1): Linear(in_features=1024, out_features=64, bias=True)
    (2): ReLU(inplace=True)
    (3): Dropout(p=0.5, inplace=False)
    (4): Linear(in_features=64, out_features=10, bias=True)
  )
)
